<?xml version="1.0" encoding="UTF-8"?>
<robot generator="Robot 6.0.2 (Python 3.11.2 on win32)" generated="20230302 14:42:58.969" rpa="false" schemaversion="3">
<suite id="s1" name="Amazon Testes" source="C:\Users\luis.r.bizinelli\Documents\Projetos_publicos\formação Robot\Robot_framework_practice\WebTest\Tests\amazon_testes.robot">
<test id="s1-t1" name="Caso de Teste 01 - Acesso ao menu &quot;Eletrônicos&quot;" line="9">
<kw name="Abrir o navegador" library="amazon_resources" type="SETUP">
<kw name="Open Browser" library="SeleniumLibrary">
<arg>browser=chrome</arg>
<doc>Opens a new browser instance to the optional ``url``.</doc>
<msg timestamp="20230302 14:42:59.243" level="INFO">Opening browser 'chrome' to base url 'None'.</msg>
<status status="PASS" starttime="20230302 14:42:59.242" endtime="20230302 14:43:00.599"/>
</kw>
<kw name="Maximize Browser Window" library="SeleniumLibrary">
<doc>Maximizes current browser window.</doc>
<status status="PASS" starttime="20230302 14:43:00.599" endtime="20230302 14:43:00.725"/>
</kw>
<status status="PASS" starttime="20230302 14:42:59.242" endtime="20230302 14:43:00.725"/>
</kw>
<kw name="Acessar a home page do site Amazon.com.br" library="amazon_resources">
<kw name="Go To" library="SeleniumLibrary">
<arg>${URL}</arg>
<doc>Navigates the current browser window to the provided ``url``.</doc>
<msg timestamp="20230302 14:43:00.726" level="INFO">Opening url 'https://www.amazon.com.br/'</msg>
<status status="PASS" starttime="20230302 14:43:00.726" endtime="20230302 14:43:02.504"/>
</kw>
<kw name="Wait Until Element Is Visible" library="SeleniumLibrary">
<arg>${MENU_ELETRONICOS}</arg>
<doc>Waits until the element ``locator`` is visible.</doc>
<status status="PASS" starttime="20230302 14:43:02.504" endtime="20230302 14:43:02.581"/>
</kw>
<status status="PASS" starttime="20230302 14:43:00.726" endtime="20230302 14:43:02.581"/>
</kw>
<kw name="Entrar no menu &quot;Eletrônicos&quot;" library="amazon_resources">
<kw name="Click Element" library="SeleniumLibrary">
<arg>${MENU_ELETRONICOS}</arg>
<doc>Click the element identified by ``locator``.</doc>
<msg timestamp="20230302 14:43:02.583" level="INFO">Clicking element '//a[@href='/Eletronicos-e-Tecnologia/b/?ie=UTF8&amp;node=16209062011&amp;ref_=nav_cs_electronics'][contains(.,'Eletrônicos')]'.</msg>
<status status="PASS" starttime="20230302 14:43:02.582" endtime="20230302 14:43:04.610"/>
</kw>
<status status="PASS" starttime="20230302 14:43:02.581" endtime="20230302 14:43:04.610"/>
</kw>
<kw name="Verificar se aparece a frase &quot;Eletrônicos e Tecnologia&quot;" library="amazon_resources">
<kw name="Wait Until Element Is Visible" library="SeleniumLibrary">
<arg>${HEADER_ELETRONICOS}</arg>
<doc>Waits until the element ``locator`` is visible.</doc>
<status status="PASS" starttime="20230302 14:43:04.611" endtime="20230302 14:43:04.724"/>
</kw>
<status status="PASS" starttime="20230302 14:43:04.611" endtime="20230302 14:43:04.725"/>
</kw>
<kw name="Verificar se o título da página fica &quot;Eletrônicos e Tecnologia | Amazon.com.br&quot;" library="amazon_resources" sourcename="Verificar se o título da página fica &quot;${TITULO}&quot;">
<kw name="Title Should Be" library="SeleniumLibrary">
<arg>${TITULO}</arg>
<doc>Verifies that the current page title equals ``title``.</doc>
<msg timestamp="20230302 14:43:04.741" level="INFO">Page title is 'Eletrônicos e Tecnologia | Amazon.com.br'.</msg>
<status status="PASS" starttime="20230302 14:43:04.726" endtime="20230302 14:43:04.741"/>
</kw>
<status status="PASS" starttime="20230302 14:43:04.725" endtime="20230302 14:43:04.741"/>
</kw>
<kw name="Verificar se aparece a categoria &quot;Computadores e Informática&quot;" library="amazon_resources">
<kw name="Page Should Contain Image" library="SeleniumLibrary">
<arg>${CATEGORIA_INFORMATICA}</arg>
<doc>Verifies image identified by ``locator`` is found from current page.</doc>
<msg timestamp="20230302 14:43:04.822" level="INFO">Current page contains image '//img[contains(@alt,'Computadores e Informática')]'.</msg>
<status status="PASS" starttime="20230302 14:43:04.742" endtime="20230302 14:43:04.822"/>
</kw>
<status status="PASS" starttime="20230302 14:43:04.742" endtime="20230302 14:43:04.823"/>
</kw>
<kw name="Fechar o navegador" library="amazon_resources" type="TEARDOWN">
<kw name="Capture Page Screenshot" library="SeleniumLibrary">
<doc>Takes a screenshot of the current page and embeds it into a log file.</doc>
<msg timestamp="20230302 14:43:05.147" level="INFO" html="true">&lt;/td&gt;&lt;/tr&gt;&lt;tr&gt;&lt;td colspan="3"&gt;&lt;a href="selenium-screenshot-1.png"&gt;&lt;img src="selenium-screenshot-1.png" width="800px"&gt;&lt;/a&gt;</msg>
<status status="PASS" starttime="20230302 14:43:04.823" endtime="20230302 14:43:05.147"/>
</kw>
<kw name="Close Browser" library="SeleniumLibrary">
<doc>Closes the current browser.</doc>
<status status="PASS" starttime="20230302 14:43:05.147" endtime="20230302 14:43:07.453"/>
</kw>
<status status="PASS" starttime="20230302 14:43:04.823" endtime="20230302 14:43:07.453"/>
</kw>
<doc>Esse teste verifica o menu eletronicos do site amazon.com.br
E se aparece sua categoria computadores e Informática</doc>
<tag>Categorias</tag>
<tag>Menus</tag>
<status status="PASS" starttime="20230302 14:42:59.241" endtime="20230302 14:43:07.454"/>
</test>
<status status="PASS" starttime="20230302 14:42:58.970" endtime="20230302 14:43:07.457"/>
</suite>
<statistics>
<total>
<stat pass="1" fail="0" skip="0">All Tests</stat>
</total>
<tag>
<stat pass="1" fail="0" skip="0">Categorias</stat>
<stat pass="1" fail="0" skip="0">Menus</stat>
</tag>
<suite>
<stat pass="1" fail="0" skip="0" id="s1" name="Amazon Testes">Amazon Testes</stat>
</suite>
</statistics>
<errors>
<msg timestamp="20230302 14:42:58.961" level="ERROR">Error in file 'C:\Users\luis.r.bizinelli\Documents\Projetos_publicos\formação Robot\Robot_framework_practice\WebTest\Tests\amazon_testes.robot' on line 2: Non-existing setting ''.</msg>
</errors>
</robot>
